<?xml version="1.0" encoding="UTF-8"?>
<!-- Generated by org.testng.reporters.JUnitReportReporter -->
<testsuite skipped="0" hostname="Bhanus-MacBook-Air.local" name="com.testing.TestNG.GoogleTest" tests="2" failures="0" timestamp="2020-08-03T22:14:53 CDT" time="13.291" errors="0">
  <testcase name="f" time="4.823" classname="com.testing.TestNG.GoogleTest"/>
  <system-out/>
  <testcase name="f" time="8.468" classname="com.testing.TestNG.GoogleTest"/>
  <system-out/>
</testsuite> <!-- com.testing.TestNG.GoogleTest -->
