<?xml version="1.0" encoding="UTF-8"?>
<!-- Generated by org.testng.reporters.JUnitReportReporter -->
<testsuite skipped="0" hostname="Bhanus-MacBook-Air.local" name="com.testing.TestNG.GoogleTestWithDataProvider" tests="2" failures="0" timestamp="2020-08-03T22:44:36 CDT" time="10.839" errors="0">
  <testcase name="f" time="6.077" classname="com.testing.TestNG.GoogleTestWithDataProvider"/>
  <system-out/>
  <testcase name="f" time="4.762" classname="com.testing.TestNG.GoogleTestWithDataProvider"/>
  <system-out/>
</testsuite> <!-- com.testing.TestNG.GoogleTestWithDataProvider -->
