<?xml version="1.0" encoding="UTF-8"?>
<!-- Generated by org.testng.reporters.JUnitReportReporter -->
<testsuite skipped="0" hostname="Bhanus-MacBook-Air.local" name="com.testing.TestNG.GoogleTest" tests="2" failures="0" timestamp="2020-08-03T22:44:36 CDT" time="14.756" errors="0">
  <testcase name="testJavaSearch" time="9.845" classname="com.testing.TestNG.GoogleTest"/>
  <system-out/>
  <testcase name="testSeleniumSearch" time="4.911" classname="com.testing.TestNG.GoogleTest"/>
  <system-out/>
</testsuite> <!-- com.testing.TestNG.GoogleTest -->
