<?xml version="1.0" encoding="UTF-8"?>
<!-- Generated by org.testng.reporters.JUnitReportReporter -->
<testsuite skipped="0" hostname="Bhanus-MacBook-Air.local" name="com.testing.TestNG.GoogleTestWithoutDataProvider" tests="2" failures="0" timestamp="2020-08-03T22:26:28 CDT" time="12.645" errors="0">
  <testcase name="f" time="6.568" classname="com.testing.TestNG.GoogleTestWithoutDataProvider"/>
  <system-out/>
  <testcase name="f" time="6.077" classname="com.testing.TestNG.GoogleTestWithoutDataProvider"/>
  <system-out/>
</testsuite> <!-- com.testing.TestNG.GoogleTestWithoutDataProvider -->
